
Showing logs for build [32mcherifaymen-go-demo-6-master-nszlk-1[0m stage [32mfrom-build-pack[0m and container [32mstep-credential-initializer-888ck[0m
{"level":"info","ts":1594377639.5416424,"logger":"fallback-logger","caller":"logging/config.go:69","msg":"Fetch GitHub commit ID from kodata failed: open /var/run/ko/refs/heads/0.8.0-ns-support: no such file or directory"}
{"level":"info","ts":1594377639.5419283,"logger":"fallback-logger","caller":"creds-init/main.go:40","msg":"Credentials initialized."}

Showing logs for build [32mcherifaymen-go-demo-6-master-nszlk-1[0m stage [32mfrom-build-pack[0m and container [32mstep-working-dir-initializer-7gv6l[0m
{"level":"info","ts":1594377642.394007,"logger":"fallback-logger","caller":"logging/config.go:69","msg":"Fetch GitHub commit ID from kodata failed: open /var/run/ko/HEAD: no such file or directory"}
{"level":"info","ts":1594377642.3963656,"logger":"fallback-logger","caller":"bash/main.go:64","msg":"Successfully executed command \"sh -c mkdir -p /workspace/source\"; output "}

Showing logs for build [32mcherifaymen-go-demo-6-master-nszlk-1[0m stage [32mfrom-build-pack[0m and container [32mstep-place-tools[0m

Showing logs for build [32mcherifaymen-go-demo-6-master-nszlk-1[0m stage [32mfrom-build-pack[0m and container [32mstep-git-source-cherifaymen-go-demo-6-master-nszlk-rtfqs[0m
{"level":"info","ts":1594377666.0381424,"logger":"fallback-logger","caller":"logging/config.go:69","msg":"Fetch GitHub commit ID from kodata failed: open /var/run/ko/refs/heads/0.8.0-ns-support: no such file or directory"}
{"level":"info","ts":1594377666.5054479,"logger":"fallback-logger","caller":"git/git.go:103","msg":"Successfully cloned https://github.com/CherifAymen/go-demo-6.git @ v1.0.490 in path /workspace/source"}

Showing logs for build [32mcherifaymen-go-demo-6-master-nszlk-1[0m stage [32mfrom-build-pack[0m and container [32mstep-setup-builder-home[0m

Showing logs for build [32mcherifaymen-go-demo-6-master-nszlk-1[0m stage [32mfrom-build-pack[0m and container [32mstep-git-merge[0m
Using SHAs from PULL_REFS=master:2c4fa19e2cfa73d88043eda63f3ac9d88a64096d
WARNING: no SHAs to merge, falling back to initial cloned commit

Showing logs for build [32mcherifaymen-go-demo-6-master-nszlk-1[0m stage [32mfrom-build-pack[0m and container [32mstep-setup-jx-git-credentials[0m
Generated Git credentials file /workspace/xdg_config/git/credentials

Showing logs for build [32mcherifaymen-go-demo-6-master-nszlk-1[0m stage [32mfrom-build-pack[0m and container [32mstep-build-make-build[0m
go: downloading gopkg.in/mgo.v2 v2.0.0-20180705113604-9856a29383ce
go: downloading github.com/prometheus/client_golang v0.9.2
go: extracting github.com/prometheus/client_golang v0.9.2
go: downloading github.com/prometheus/common v0.0.0-20181126121408-4724e9255275
go: downloading github.com/beorn7/perks v0.0.0-20180321164747-3a771d992973
go: downloading github.com/prometheus/client_model v0.0.0-20180712105110-5c3871d89910
go: downloading github.com/golang/protobuf v1.2.0
go: downloading github.com/prometheus/procfs v0.0.0-20181204211112-1dc9a6cbc91a
go: extracting gopkg.in/mgo.v2 v2.0.0-20180705113604-9856a29383ce
go: extracting github.com/prometheus/client_model v0.0.0-20180712105110-5c3871d89910
go: extracting github.com/prometheus/common v0.0.0-20181126121408-4724e9255275
go: extracting github.com/beorn7/perks v0.0.0-20180321164747-3a771d992973
go: downloading github.com/matttproud/golang_protobuf_extensions v1.0.1
go: extracting github.com/prometheus/procfs v0.0.0-20181204211112-1dc9a6cbc91a
go: extracting github.com/matttproud/golang_protobuf_extensions v1.0.1
go: extracting github.com/golang/protobuf v1.2.0
go: finding github.com/prometheus/client_golang v0.9.2
go: finding gopkg.in/mgo.v2 v2.0.0-20180705113604-9856a29383ce
go: finding github.com/beorn7/perks v0.0.0-20180321164747-3a771d992973
go: finding github.com/golang/protobuf v1.2.0
go: finding github.com/prometheus/client_model v0.0.0-20180712105110-5c3871d89910
go: finding github.com/prometheus/common v0.0.0-20181126121408-4724e9255275
go: finding github.com/matttproud/golang_protobuf_extensions v1.0.1
go: finding github.com/prometheus/procfs v0.0.0-20181204211112-1dc9a6cbc91a
CGO_ENABLED=0 GO15VENDOREXPERIMENT=1 go build -ldflags '' -o bin/go-demo-6 main.go

Showing logs for build [32mcherifaymen-go-demo-6-master-nszlk-1[0m stage [32mfrom-build-pack[0m and container [32mstep-build-container-build[0m
E0710 10:41:22.167147      11 aws_credentials.go:77] while getting AWS credentials NoCredentialProviders: no valid providers in chain. Deprecated.
	For verbose messaging see aws.Config.CredentialsChainVerboseErrors
[36mINFO[0m[0000] Using dockerignore file: /workspace/source/.dockerignore 
[36mINFO[0m[0000] No base image, nothing to extract            
[36mINFO[0m[0000] Built cross stage deps: map[]                
[36mINFO[0m[0000] No base image, nothing to extract            
[36mINFO[0m[0000] Executing 0 build triggers                   
[36mINFO[0m[0000] cmd: EXPOSE                                  
[36mINFO[0m[0000] Adding exposed port: 8080/tcp                
[36mINFO[0m[0000] Checking for cached layer testJxCluster.azurecr.io/todo/cache:f0e74ba8a0a06d47d5ea59d233be33a19954748f2e65b5b0fd4018801df6fddf... 
[36mINFO[0m[0001] No cached layer found for cmd COPY ./bin/ /  
[36mINFO[0m[0001] Unpacking rootfs as cmd COPY ./bin/ / requires it. 
[36mINFO[0m[0001] EXPOSE 8080                                  
[36mINFO[0m[0001] cmd: EXPOSE                                  
[36mINFO[0m[0001] Adding exposed port: 8080/tcp                
[36mINFO[0m[0001] No files changed in this command, skipping snapshotting. 
[36mINFO[0m[0001] ENTRYPOINT ["/go-demo-6"]                    
[36mINFO[0m[0001] No files changed in this command, skipping snapshotting. 
[36mINFO[0m[0001] COPY ./bin/ /                                
[36mINFO[0m[0001] Resolving 2 paths                            
[36mINFO[0m[0001] Taking snapshot of files...                  
[36mINFO[0m[0001] Pushing layer testJxCluster.azurecr.io/todo/cache:f0e74ba8a0a06d47d5ea59d233be33a19954748f2e65b5b0fd4018801df6fddf to cache now 

Showing logs for build [32mcherifaymen-go-demo-6-master-nszlk-1[0m stage [32mfrom-build-pack[0m and container [32mstep-build-post-build[0m
no CVE provider running in the current ** namespace so skip adding image to be analysed

Showing logs for build [32mcherifaymen-go-demo-6-master-nszlk-1[0m stage [32mfrom-build-pack[0m and container [32mstep-promote-changelog[0m
Converted /workspace/source/charts/go-demo-6 to an unshallow repository
Generating change log from git ref 0964e0f3a9b6e0b9ac5d2620edc81ee13fb94794 => 15c56bcb12c625e277fdcedf08e4a10bc7860b20
Associating user x-0 in users.jenkins.io with email aymen.cherif@supcom.tn to git GitProvider user with login -0 as emails match
Adding label jenkins.io/git-github-userid=-0 to user x-0 in users.jenkins.io
WARNING: Failed to enrich commit 2c4fa19e2cfa73d88043eda63f3ac9d88a64096d with issues: User.jenkins.io "x-0" is invalid: metadata.labels: Invalid value: "-0": a valid label must be an empty string or consist of alphanumeric characters, '-', '_' or '.', and must start and end with an alphanumeric character (e.g. 'MyValue',  or 'my_value',  or '12345', regex used for validation is '(([A-Za-z0-9][-A-Za-z0-9_.]*)?[A-Za-z0-9])?')
Finding issues in commit messages using git format
WARNING: No release found for CherifAymen/go-demo-6 and tag v1.0.490 so creating a new release
Updated the release information at https://github.com/CherifAymen/go-demo-6/releases/tag/v1.0.490
generated: /workspace/source/charts/go-demo-6/templates/release.yaml
Created Release go-demo-6-1-0-490 resource in namespace **
Updating PipelineActivity cherifaymen-go-demo-6-master-1 with version 1.0.490
Updated PipelineActivities cherifaymen-go-demo-6-master-1 with release notes URL: https://github.com/CherifAymen/go-demo-6/releases/tag/v1.0.490

Showing logs for build [32mcherifaymen-go-demo-6-master-nszlk-1[0m stage [32mfrom-build-pack[0m and container [32mstep-promote-helm-release[0m
WARNING: No $CHART_REPOSITORY defined so using the default value of: http://jenkins-x-chartmuseum:8080
Adding missing Helm repo: storage.googleapis.com https://storage.googleapis.com/chartmuseum.jenkins-x.io
Successfully added Helm repository storage.googleapis.com.
Adding missing Helm repo: jenkins-x-chartmuseum http://jenkins-x-chartmuseum:8080
Successfully added Helm repository jenkins-x-chartmuseum.
WARNING: No $CHART_REPOSITORY defined so using the default value of: http://jenkins-x-chartmuseum:8080
Uploading chart file go-demo-6-1.0.490.tgz to http://jenkins-x-chartmuseum:8080/api/charts
Received 201 response: {"saved":true}

Showing logs for build [32mcherifaymen-go-demo-6-master-nszlk-1[0m stage [32mfrom-build-pack[0m and container [32mstep-promote-jx-promote[0m
WARNING: prow based install so skip waiting for the merge of Pull Requests to go green as currently there is an issue with gettingstatuses from the PR, see https://github.com/jenkins-x/**/issues/2410
WARNING: No $CHART_REPOSITORY defined so using the default value of: http://jenkins-x-chartmuseum:8080
Promoting app go-demo-6 version 1.0.490 to namespace **-staging
Created Pull Request: https://github.com/CherifAymen/environment-**-rocks-staging/pull/1
Added label updatebot to Pull Request https://github.com/CherifAymen/environment-**-rocks-staging/pull/1
got git provider status pending from PR https://github.com/CherifAymen/environment-**-rocks-staging/pull/1
got git provider status pending from PR https://github.com/CherifAymen/environment-**-rocks-staging/pull/1
got git provider status pending from PR https://github.com/CherifAymen/environment-**-rocks-staging/pull/1
Pull Request https://github.com/CherifAymen/environment-**-rocks-staging/pull/1 is merged at sha 8fd968782138235a869f0987f69513b01b3c4d22
Pull Request merged but we are not waiting for the update pipeline to complete!
WARNING: Could not find the service URL in namespace **-staging for names go-demo-6, **-go-demo-6, **-staging-go-demo-6
